<?xml version="1.0" encoding="UTF-8"?>
<!-- Generated by org.testng.reporters.JUnitXMLReporter -->
<testsuite hostname="HRK1-LHP-F49110" name="Surefire test" tests="3" failures="0" timestamp="27 Apr 2016 11:02:33 GMT" time="27.947" errors="0">
  <testcase name="verifyIncorrectGmailAuthorization" time="15.276" classname="org.selenide.examples.GoogleMailTest"/>
  <testcase name="verifyIncorrectGmailAuthorization" time="2.614" classname="org.selenide.examples.GoogleMailTest"/>
  <testcase name="verifyIncorrectGmailAuthorization" time="10.034" classname="org.selenide.examples.GoogleMailTest"/>
</testsuite> <!-- Surefire test -->
