<?xml version="1.0" encoding="UTF-8"?>
<!-- Generated by org.testng.reporters.JUnitXMLReporter -->
<testsuite hostname="HRK1-LHP-F49110" name="Command line test" tests="3" failures="0" timestamp="27 Apr 2016 15:30:44 GMT" time="30.398" errors="0">
  <testcase name="verifyGmailAuthorization" time="16.341" classname="org.selenide.examples.GoogleMailTest"/>
  <testcase name="verifyGmailAuthorization" time="3.082" classname="org.selenide.examples.GoogleMailTest"/>
  <testcase name="verifyGmailAuthorization" time="10.903" classname="org.selenide.examples.GoogleMailTest"/>
</testsuite> <!-- Command line test -->
