<?xml version="1.0" encoding="UTF-8"?>
<testng-results skipped="0" failed="0" total="3" passed="3">
  <reporter-output>
  </reporter-output>
  <suite name="Surefire suite" duration-ms="27947" started-at="2016-04-27T11:02:05Z" finished-at="2016-04-27T11:02:33Z">
    <groups>
    </groups>
    <test name="Surefire test" duration-ms="27947" started-at="2016-04-27T11:02:05Z" finished-at="2016-04-27T11:02:33Z">
      <class name="org.selenide.examples.GoogleMailTest">
        <test-method status="PASS" signature="verifyIncorrectGmailAuthorization(java.lang.String, java.lang.String, java.lang.Boolean)[pri:0, instance:org.selenide.examples.GoogleMailTest@6d00a15d]" name="verifyIncorrectGmailAuthorization" duration-ms="15276" started-at="2016-04-27T14:02:05Z" data-provider="LoginCredentials" finished-at="2016-04-27T14:02:20Z">
          <params>
            <param index="0">
              <value>
                <![CDATA[UserId1]]>
              </value>
            </param>
            <param index="1">
              <value>
                <![CDATA[Pass1]]>
              </value>
            </param>
            <param index="2">
              <value>
                <![CDATA[false]]>
              </value>
            </param>
          </params>
          <reporter-output>
          </reporter-output>
        </test-method> <!-- verifyIncorrectGmailAuthorization -->
        <test-method status="PASS" signature="verifyIncorrectGmailAuthorization(java.lang.String, java.lang.String, java.lang.Boolean)[pri:0, instance:org.selenide.examples.GoogleMailTest@6d00a15d]" name="verifyIncorrectGmailAuthorization" duration-ms="2614" started-at="2016-04-27T14:02:20Z" data-provider="LoginCredentials" finished-at="2016-04-27T14:02:23Z">
          <params>
            <param index="0">
              <value>
                <![CDATA[UserId2]]>
              </value>
            </param>
            <param index="1">
              <value>
                <![CDATA[Pass2]]>
              </value>
            </param>
            <param index="2">
              <value>
                <![CDATA[false]]>
              </value>
            </param>
          </params>
          <reporter-output>
          </reporter-output>
        </test-method> <!-- verifyIncorrectGmailAuthorization -->
        <test-method status="PASS" signature="verifyIncorrectGmailAuthorization(java.lang.String, java.lang.String, java.lang.Boolean)[pri:0, instance:org.selenide.examples.GoogleMailTest@6d00a15d]" name="verifyIncorrectGmailAuthorization" duration-ms="10034" started-at="2016-04-27T14:02:23Z" data-provider="LoginCredentials" finished-at="2016-04-27T14:02:33Z">
          <params>
            <param index="0">
              <value>
                <![CDATA[kdbrener]]>
              </value>
            </param>
            <param index="1">
              <value>
                <![CDATA[nsytnfjycvju2002]]>
              </value>
            </param>
            <param index="2">
              <value>
                <![CDATA[true]]>
              </value>
            </param>
          </params>
          <reporter-output>
          </reporter-output>
        </test-method> <!-- verifyIncorrectGmailAuthorization -->
      </class> <!-- org.selenide.examples.GoogleMailTest -->
    </test> <!-- Surefire test -->
  </suite> <!-- Surefire suite -->
</testng-results>
