<?xml version="1.0" encoding="UTF-8"?>
<testng-results skipped="0" failed="0" total="3" passed="3">
  <reporter-output>
  </reporter-output>
  <suite name="org.selenide.examples.GoogleMailTest" duration-ms="30398" started-at="2016-04-27T15:30:13Z" finished-at="2016-04-27T15:30:44Z">
    <groups>
    </groups>
    <test name="Command line test" duration-ms="30398" started-at="2016-04-27T15:30:13Z" finished-at="2016-04-27T15:30:44Z">
      <class name="org.selenide.examples.GoogleMailTest">
        <test-method status="PASS" signature="verifyGmailAuthorization(java.lang.String, java.lang.String, java.lang.Boolean)[pri:0, instance:org.selenide.examples.GoogleMailTest@7db12bb6]" name="verifyGmailAuthorization" duration-ms="16341" started-at="2016-04-27T18:30:13Z" data-provider="LoginCredentials" finished-at="2016-04-27T18:30:30Z">
          <params>
            <param index="0">
              <value>
                <![CDATA[UserId1]]>
              </value>
            </param>
            <param index="1">
              <value>
                <![CDATA[Pass1]]>
              </value>
            </param>
            <param index="2">
              <value>
                <![CDATA[false]]>
              </value>
            </param>
          </params>
          <reporter-output>
          </reporter-output>
        </test-method> <!-- verifyGmailAuthorization -->
        <test-method status="PASS" signature="verifyGmailAuthorization(java.lang.String, java.lang.String, java.lang.Boolean)[pri:0, instance:org.selenide.examples.GoogleMailTest@7db12bb6]" name="verifyGmailAuthorization" duration-ms="3082" started-at="2016-04-27T18:30:30Z" data-provider="LoginCredentials" finished-at="2016-04-27T18:30:33Z">
          <params>
            <param index="0">
              <value>
                <![CDATA[UserId2]]>
              </value>
            </param>
            <param index="1">
              <value>
                <![CDATA[Pass2]]>
              </value>
            </param>
            <param index="2">
              <value>
                <![CDATA[false]]>
              </value>
            </param>
          </params>
          <reporter-output>
          </reporter-output>
        </test-method> <!-- verifyGmailAuthorization -->
        <test-method status="PASS" signature="verifyGmailAuthorization(java.lang.String, java.lang.String, java.lang.Boolean)[pri:0, instance:org.selenide.examples.GoogleMailTest@7db12bb6]" name="verifyGmailAuthorization" duration-ms="10903" started-at="2016-04-27T18:30:33Z" data-provider="LoginCredentials" finished-at="2016-04-27T18:30:44Z">
          <params>
            <param index="0">
              <value>
                <![CDATA[kdbrener ]]>
              </value>
            </param>
            <param index="1">
              <value>
                <![CDATA[nsytnfjycvju2002]]>
              </value>
            </param>
            <param index="2">
              <value>
                <![CDATA[true]]>
              </value>
            </param>
          </params>
          <reporter-output>
          </reporter-output>
        </test-method> <!-- verifyGmailAuthorization -->
      </class> <!-- org.selenide.examples.GoogleMailTest -->
    </test> <!-- Command line test -->
  </suite> <!-- org.selenide.examples.GoogleMailTest -->
</testng-results>
